[0703/124555.681:ERROR:process_reader_win.cc(151)] SuspendThread: Access is denied. (0x5)
[0703/124555.698:ERROR:exception_snapshot_win.cc(88)] thread ID 5452 not found in process
[0703/124555.698:ERROR:scoped_process_suspend.cc(40)] NtResumeProcess: An attempt was made to access an exiting process. (0xc000010a)
[0803/132428.920:ERROR:process_reader_win.cc(242)] ReadMemory at 0x7ff7e9a50000 of 64 bytes failed: Only part of a ReadProcessMemory or WriteProcessMemory request was completed. (0x12B)
[0803/132428.925:WARNING:pe_image_reader.cc(302)] could not read dos header from C:\Program Files (x86)\Google\Chrome\Application\chrome.exe
[0803/132428.925:ERROR:process_reader_win.cc(242)] ReadMemory at 0x7ffb6e5e0000 of 64 bytes failed: Only part of a ReadProcessMemory or WriteProcessMemory request was completed. (0x12B)
[0803/132428.948:WARNING:pe_image_reader.cc(302)] could not read dos header from C:\WINDOWS\SYSTEM32\ntdll.dll
[0803/132428.948:ERROR:process_reader_win.cc(242)] ReadMemory at 0x7ffb6e530000 of 64 bytes failed: Only part of a ReadProcessMemory or WriteProcessMemory request was completed. (0x12B)
[0803/132428.948:WARNING:pe_image_reader.cc(302)] could not read dos header from C:\WINDOWS\system32\KERNEL32.DLL
[0803/132428.948:ERROR:process_reader_win.cc(242)] ReadMemory at 0x7ffb6b470000 of 64 bytes failed: Only part of a ReadProcessMemory or WriteProcessMemory request was completed. (0x12B)
[0803/132428.948:WARNING:pe_image_reader.cc(302)] could not read dos header from C:\WINDOWS\system32\KERNELBASE.dll
[0803/132428.948:ERROR:process_reader_win.cc(242)] ReadMemory at 0x5f670000 of 64 bytes failed: Only part of a ReadProcessMemory or WriteProcessMemory request was completed. (0x12B)
[0803/132428.948:WARNING:pe_image_reader.cc(302)] could not read dos header from C:\WINDOWS\System32\SYSFER.DLL
[0803/132428.948:ERROR:process_reader_win.cc(242)] ReadMemory at 0x7ffb6e220000 of 64 bytes failed: Only part of a ReadProcessMemory or WriteProcessMemory request was completed. (0x12B)
[0803/132428.948:WARNING:pe_image_reader.cc(302)] could not read dos header from C:\WINDOWS\system32\ADVAPI32.dll
[0803/132428.948:ERROR:process_reader_win.cc(242)] ReadMemory at 0x7ffb6cbc0000 of 64 bytes failed: Only part of a ReadProcessMemory or WriteProcessMemory request was completed. (0x12B)
[0803/132428.948:WARNING:pe_image_reader.cc(302)] could not read dos header from C:\WINDOWS\system32\msvcrt.dll
[0803/132428.948:ERROR:process_reader_win.cc(242)] ReadMemory at 0x7ffb6bdd0000 of 64 bytes failed: Only part of a ReadProcessMemory or WriteProcessMemory request was completed. (0x12B)
[0803/132428.948:WARNING:pe_image_reader.cc(302)] could not read dos header from C:\WINDOWS\system32\sechost.dll
[0803/132428.949:ERROR:process_reader_win.cc(242)] ReadMemory at 0x7ffb6bb80000 of 64 bytes failed: Only part of a ReadProcessMemory or WriteProcessMemory request was completed. (0x12B)
[0803/132428.949:WARNING:pe_image_reader.cc(302)] could not read dos header from C:\WINDOWS\system32\RPCRT4.dll
[0803/132428.949:ERROR:process_reader_win.cc(242)] ReadMemory at 0x7ffb6c160000 of 64 bytes failed: Only part of a ReadProcessMemory or WriteProcessMemory request was completed. (0x12B)
[0803/132428.949:WARNING:pe_image_reader.cc(302)] could not read dos header from C:\WINDOWS\system32\PSAPI.DLL
[0803/132428.949:ERROR:process_reader_win.cc(242)] ReadMemory at 0x7ffb6cc60000 of 64 bytes failed: Only part of a ReadProcessMemory or WriteProcessMemory request was completed. (0x12B)
[0803/132428.949:WARNING:pe_image_reader.cc(302)] could not read dos header from C:\WINDOWS\system32\SHELL32.dll
[0803/132428.949:ERROR:process_reader_win.cc(242)] ReadMemory at 0x7ffb6b660000 of 64 bytes failed: Only part of a ReadProcessMemory or WriteProcessMemory request was completed. (0x12B)
[0803/132428.949:WARNING:pe_image_reader.cc(302)] could not read dos header from C:\WINDOWS\system32\cfgmgr32.dll
[0803/132428.949:ERROR:process_reader_win.cc(242)] ReadMemory at 0x7ffb6ae20000 of 64 bytes failed: Only part of a ReadProcessMemory or WriteProcessMemory request was completed. (0x12B)
[0803/132428.949:WARNING:pe_image_reader.cc(302)] could not read dos header from C:\WINDOWS\system32\windows.storage.dll
[0803/132428.949:ERROR:process_reader_win.cc(242)] ReadMemory at 0x7ffb6c200000 of 64 bytes failed: Only part of a ReadProcessMemory or WriteProcessMemory request was completed. (0x12B)
[0803/132428.949:WARNING:pe_image_reader.cc(302)] could not read dos header from C:\WINDOWS\system32\combase.dll
[0803/132428.949:ERROR:process_reader_win.cc(242)] ReadMemory at 0x7ffb6b8a0000 of 64 bytes failed: Only part of a ReadProcessMemory or WriteProcessMemory request was completed. (0x12B)
[0803/132428.949:WARNING:pe_image_reader.cc(302)] could not read dos header from C:\WINDOWS\system32\bcryptPrimitives.dll
[0803/132428.949:ERROR:process_reader_win.cc(242)] ReadMemory at 0x7ffb6c1a0000 of 64 bytes failed: Only part of a ReadProcessMemory or WriteProcessMemory request was completed. (0x12B)
[0803/132428.949:WARNING:pe_image_reader.cc(302)] could not read dos header from C:\WINDOWS\system32\shlwapi.dll
[0803/132428.949:ERROR:process_reader_win.cc(242)] ReadMemory at 0x7ffb6bf60000 of 64 bytes failed: Only part of a ReadProcessMemory or WriteProcessMemory request was completed. (0x12B)
[0803/132428.949:WARNING:pe_image_reader.cc(302)] could not read dos header from C:\WINDOWS\system32\GDI32.dll
[0803/132428.949:ERROR:process_reader_win.cc(242)] ReadMemory at 0x7ffb6ba00000 of 64 bytes failed: Only part of a ReadProcessMemory or WriteProcessMemory request was completed. (0x12B)
[0803/132428.950:WARNING:pe_image_reader.cc(302)] could not read dos header from C:\WINDOWS\system32\USER32.dll
[0803/132428.950:ERROR:process_reader_win.cc(242)] ReadMemory at 0x7ffb6ac60000 of 64 bytes failed: Only part of a ReadProcessMemory or WriteProcessMemory request was completed. (0x12B)
[0803/132428.950:WARNING:pe_image_reader.cc(302)] could not read dos header from C:\WINDOWS\system32\kernel.appcore.dll
[0803/132428.950:ERROR:process_reader_win.cc(242)] ReadMemory at 0x7ffb6ad60000 of 64 bytes failed: Only part of a ReadProcessMemory or WriteProcessMemory request was completed. (0x12B)
[0803/132428.950:WARNING:pe_image_reader.cc(302)] could not read dos header from C:\WINDOWS\system32\shcore.dll
[0803/132428.950:ERROR:process_reader_win.cc(242)] ReadMemory at 0x7ffb6abe0000 of 64 bytes failed: Only part of a ReadProcessMemory or WriteProcessMemory request was completed. (0x12B)
[0803/132428.950:WARNING:pe_image_reader.cc(302)] could not read dos header from C:\WINDOWS\system32\powrprof.dll
[0803/132428.950:ERROR:process_reader_win.cc(242)] ReadMemory at 0x7ffb6ac30000 of 64 bytes failed: Only part of a ReadProcessMemory or WriteProcessMemory request was completed. (0x12B)
[0803/132428.950:WARNING:pe_image_reader.cc(302)] could not read dos header from C:\WINDOWS\system32\profapi.dll
[0803/132428.950:ERROR:process_reader_win.cc(242)] ReadMemory at 0x7ffb4b1a0000 of 64 bytes failed: Only part of a ReadProcessMemory or WriteProcessMemory request was completed. (0x12B)
[0803/132428.950:WARNING:pe_image_reader.cc(302)] could not read dos header from C:\Program Files (x86)\Google\Chrome\Application\67.0.3396.99\chrome_elf.dll
[0803/132428.950:ERROR:process_reader_win.cc(242)] ReadMemory at 0x7ffb69d00000 of 64 bytes failed: Only part of a ReadProcessMemory or WriteProcessMemory request was completed. (0x12B)
[0803/132428.950:WARNING:pe_image_reader.cc(302)] could not read dos header from C:\WINDOWS\SYSTEM32\VERSION.dll
[0803/132428.950:ERROR:process_reader_win.cc(242)] ReadMemory at 0x7ffb67da0000 of 64 bytes failed: Only part of a ReadProcessMemory or WriteProcessMemory request was completed. (0x12B)
[0803/132428.950:WARNING:pe_image_reader.cc(302)] could not read dos header from C:\WINDOWS\SYSTEM32\WINMM.dll
[0803/132428.950:ERROR:process_reader_win.cc(242)] ReadMemory at 0x7ffb6a340000 of 64 bytes failed: Only part of a ReadProcessMemory or WriteProcessMemory request was completed. (0x12B)
[0803/132428.950:WARNING:pe_image_reader.cc(302)] could not read dos header from C:\WINDOWS\SYSTEM32\USERENV.dll
[0803/132428.950:ERROR:process_reader_win.cc(242)] ReadMemory at 0x7ffb6a100000 of 64 bytes failed: Only part of a ReadProcessMemory or WriteProcessMemory request was completed. (0x12B)
[0803/132428.950:WARNING:pe_image_reader.cc(302)] could not read dos header from C:\WINDOWS\SYSTEM32\WINHTTP.dll
[0803/132428.950:ERROR:process_reader_win.cc(242)] ReadMemory at 0x7ffb67d40000 of 64 bytes failed: Only part of a ReadProcessMemory or WriteProcessMemory request was completed. (0x12B)
[0803/132428.951:WARNING:pe_image_reader.cc(302)] could not read dos header from C:\WINDOWS\SYSTEM32\WINMMBASE.dll
[0803/132428.951:ERROR:process_reader_win.cc(242)] ReadMemory at 0x7ffb6a680000 of 64 bytes failed: Only part of a ReadProcessMemory or WriteProcessMemory request was completed. (0x12B)
[0803/132428.951:WARNING:pe_image_reader.cc(302)] could not read dos header from C:\WINDOWS\SYSTEM32\CRYPTBASE.DLL
[0803/132428.951:ERROR:process_reader_win.cc(242)] ReadMemory at 0x7ffb6b9c0000 of 64 bytes failed: Only part of a ReadProcessMemory or WriteProcessMemory request was completed. (0x12B)
[0803/132428.951:WARNING:pe_image_reader.cc(302)] could not read dos header from C:\WINDOWS\system32\IMM32.DLL
[0803/132428.951:ERROR:process_reader_win.cc(242)] ReadMemory at 0x7ffb36560000 of 64 bytes failed: Only part of a ReadProcessMemory or WriteProcessMemory request was completed. (0x12B)
[0803/132428.951:WARNING:pe_image_reader.cc(302)] could not read dos header from C:\Program Files (x86)\Google\Chrome\Application\67.0.3396.99\chrome_child.dll
[0803/132428.951:ERROR:process_reader_win.cc(242)] ReadMemory at 0x7ffb6e420000 of 64 bytes failed: Only part of a ReadProcessMemory or WriteProcessMemory request was completed. (0x12B)
[0803/132428.951:WARNING:pe_image_reader.cc(302)] could not read dos header from C:\WINDOWS\system32\COMDLG32.dll
[0803/132428.951:ERROR:process_reader_win.cc(242)] ReadMemory at 0x7ffb6acd0000 of 64 bytes failed: Only part of a ReadProcessMemory or WriteProcessMemory request was completed. (0x12B)
[0803/132428.951:WARNING:pe_image_reader.cc(302)] could not read dos header from C:\WINDOWS\system32\FirewallAPI.dll
[0803/132428.951:ERROR:process_reader_win.cc(242)] ReadMemory at 0x7ffb6b6b0000 of 64 bytes failed: Only part of a ReadProcessMemory or WriteProcessMemory request was completed. (0x12B)
[0803/132428.951:WARNING:pe_image_reader.cc(302)] could not read dos header from C:\WINDOWS\system32\NETAPI32.dll
[0803/132428.951:ERROR:process_reader_win.cc(242)] ReadMemory at 0x7ffb6bd00000 of 64 bytes failed: Only part of a ReadProcessMemory or WriteProcessMemory request was completed. (0x12B)
[0803/132428.951:WARNING:pe_image_reader.cc(302)] could not read dos header from C:\WINDOWS\system32\OLEAUT32.dll
[0803/132428.951:ERROR:process_reader_win.cc(242)] ReadMemory at 0x1e29fb40000 of 64 bytes failed: Only part of a ReadProcessMemory or WriteProcessMemory request was completed. (0x12B)
[0803/132428.951:WARNING:pe_image_reader.cc(302)] could not read dos header from C:\WINDOWS\system32\WS2_32.dll
[0803/132428.951:ERROR:process_reader_win.cc(242)] ReadMemory at 0x7ffb6e2d0000 of 64 bytes failed: Only part of a ReadProcessMemory or WriteProcessMemory request was completed. (0x12B)
[0803/132428.951:WARNING:pe_image_reader.cc(302)] could not read dos header from C:\WINDOWS\system32\ole32.dll
[0803/132428.951:ERROR:process_reader_win.cc(242)] ReadMemory at 0x7ffb6ac70000 of 64 bytes failed: Only part of a ReadProcessMemory or WriteProcessMemory request was completed. (0x12B)
[0803/132428.951:WARNING:pe_image_reader.cc(302)] could not read dos header from C:\WINDOWS\system32\WINTRUST.dll
[0803/132428.951:ERROR:process_reader_win.cc(242)] ReadMemory at 0x7ffb6ac50000 of 64 bytes failed: Only part of a ReadProcessMemory or WriteProcessMemory request was completed. (0x12B)
[0803/132428.951:WARNING:pe_image_reader.cc(302)] could not read dos header from C:\WINDOWS\system32\MSASN1.dll
[0803/132428.951:ERROR:process_reader_win.cc(242)] ReadMemory at 0x7ffb6b6d0000 of 64 bytes failed: Only part of a ReadProcessMemory or WriteProcessMemory request was completed. (0x12B)
[0803/132428.952:WARNING:pe_image_reader.cc(302)] could not read dos header from C:\WINDOWS\system32\CRYPT32.dll
[0803/132428.952:ERROR:process_reader_win.cc(242)] ReadMemory at 0x1e29fbb0000 of 64 bytes failed: Only part of a ReadProcessMemory or WriteProcessMemory request was completed. (0x12B)
[0803/132428.952:WARNING:pe_image_reader.cc(302)] could not read dos header from C:\WINDOWS\system32\USP10.dll
[0803/132428.952:ERROR:process_reader_win.cc(242)] ReadMemory at 0x7ffb5ae30000 of 64 bytes failed: Only part of a ReadProcessMemory or WriteProcessMemory request was completed. (0x12B)
[0803/132428.952:WARNING:pe_image_reader.cc(302)] could not read dos header from C:\WINDOWS\WinSxS\amd64_microsoft.windows.common-controls_6595b64144ccf1df_6.0.10586.839_none_a2ddba30a539a2ae\COMCTL32.dll
[0803/132428.952:ERROR:process_reader_win.cc(242)] ReadMemory at 0x7ffb69cf0000 of 64 bytes failed: Only part of a ReadProcessMemory or WriteProcessMemory request was completed. (0x12B)
[0803/132428.952:WARNING:pe_image_reader.cc(302)] could not read dos header from C:\WINDOWS\SYSTEM32\Secur32.dll
[0803/132428.952:ERROR:process_reader_win.cc(242)] ReadMemory at 0x7ffb55880000 of 64 bytes failed: Only part of a ReadProcessMemory or WriteProcessMemory request was completed. (0x12B)
[0803/132428.952:WARNING:pe_image_reader.cc(302)] could not read dos header from C:\WINDOWS\SYSTEM32\dbghelp.dll
[0803/132428.952:ERROR:process_reader_win.cc(242)] ReadMemory at 0x7ffb637e0000 of 64 bytes failed: Only part of a ReadProcessMemory or WriteProcessMemory request was completed. (0x12B)
[0803/132428.952:WARNING:pe_image_reader.cc(302)] could not read dos header from C:\WINDOWS\SYSTEM32\WINSPOOL.DRV
[0803/132428.952:ERROR:process_reader_win.cc(242)] ReadMemory at 0x7ffb683c0000 of 64 bytes failed: Only part of a ReadProcessMemory or WriteProcessMemory request was completed. (0x12B)
[0803/132428.952:WARNING:pe_image_reader.cc(302)] could not read dos header from C:\WINDOWS\SYSTEM32\IPHLPAPI.DLL
[0803/132428.952:ERROR:process_reader_win.cc(242)] ReadMemory at 0x7ffb54500000 of 64 bytes failed: Only part of a ReadProcessMemory or WriteProcessMemory request was completed. (0x12B)
[0803/132428.952:WARNING:pe_image_reader.cc(302)] could not read dos header from C:\WINDOWS\SYSTEM32\urlmon.dll
[0803/132428.952:ERROR:process_reader_win.cc(242)] ReadMemory at 0x7ffb64de0000 of 64 bytes failed: Only part of a ReadProcessMemory or WriteProcessMemory request was completed. (0x12B)
[0803/132428.952:WARNING:pe_image_reader.cc(302)] could not read dos header from C:\WINDOWS\SYSTEM32\DWrite.dll
[0803/132428.952:ERROR:process_reader_win.cc(242)] ReadMemory at 0x7ffb686a0000 of 64 bytes failed: Only part of a ReadProcessMemory or WriteProcessMemory request was completed. (0x12B)
[0803/132428.952:WARNING:pe_image_reader.cc(302)] could not read dos header from C:\WINDOWS\SYSTEM32\dxgi.dll
[0803/132428.952:ERROR:process_reader_win.cc(242)] ReadMemory at 0x7ffb643e0000 of 64 bytes failed: Only part of a ReadProcessMemory or WriteProcessMemory request was completed. (0x12B)
[0803/132428.952:WARNING:pe_image_reader.cc(302)] could not read dos header from C:\WINDOWS\SYSTEM32\dhcpcsvc.DLL
[0803/132428.952:ERROR:process_reader_win.cc(242)] ReadMemory at 0x7ffb6c170000 of 64 bytes failed: Only part of a ReadProcessMemory or WriteProcessMemory request was completed. (0x12B)
[0803/132428.952:WARNING:pe_image_reader.cc(302)] could not read dos header from C:\WINDOWS\system32\NSI.dll
[0803/132428.953:ERROR:process_reader_win.cc(242)] ReadMemory at 0x7ffb6aa70000 of 64 bytes failed: Only part of a ReadProcessMemory or WriteProcessMemory request was completed. (0x12B)
[0803/132428.953:WARNING:pe_image_reader.cc(302)] could not read dos header from C:\WINDOWS\SYSTEM32\bcrypt.dll
[0803/132428.953:ERROR:process_reader_win.cc(242)] ReadMemory at 0x7ffb65200000 of 64 bytes failed: Only part of a ReadProcessMemory or WriteProcessMemory request was completed. (0x12B)
[0803/132428.953:WARNING:pe_image_reader.cc(302)] could not read dos header from C:\WINDOWS\SYSTEM32\iertutil.dll
[0803/132428.953:ERROR:process_reader_win.cc(242)] ReadMemory at 0x7ffb5c4b0000 of 64 bytes failed: Only part of a ReadProcessMemory or WriteProcessMemory request was completed. (0x12B)
[0803/132428.953:WARNING:pe_image_reader.cc(302)] could not read dos header from C:\WINDOWS\SYSTEM32\DAVHLPR.DLL
[0803/132428.953:ERROR:process_reader_win.cc(242)] ReadMemory at 0x7ffb6a860000 of 64 bytes failed: Only part of a ReadProcessMemory or WriteProcessMemory request was completed. (0x12B)
[0803/132428.953:WARNING:pe_image_reader.cc(302)] could not read dos header from C:\WINDOWS\SYSTEM32\SSPICLI.DLL
[0803/132428.953:ERROR:process_reader_win.cc(242)] ReadMemory at 0x7ffb694f0000 of 64 bytes failed: Only part of a ReadProcessMemory or WriteProcessMemory request was completed. (0x12B)
[0803/132428.953:WARNING:pe_image_reader.cc(302)] could not read dos header from C:\WINDOWS\system32\fwbase.dll
[0803/132428.985:ERROR:process_reader_win.cc(242)] ReadMemory at 0x362c7ef000 of 69632 bytes failed: Only part of a ReadProcessMemory or WriteProcessMemory request was completed. (0x12B)
[0803/132428.986:ERROR:crash_report_exception_handler.cc(111)] WriteEverything failed
[0803/132428.986:ERROR:filesystem_win.cc(148)] DeleteFile C:\Users\jisqhx3\AppData\Local\Temp\scoped_dir19180_22466\Crashpad\reports\c5512ee5-73e7-4768-9940-94b9d9c2970c.dmp: The process cannot access the file because it is being used by another process. (0x20)
[0803/132428.987:ERROR:scoped_process_suspend.cc(40)] NtResumeProcess: An attempt was made to access an exiting process. (0xc000010a)
